<testsuites id="" name="" tests="60" failures="0" skipped="60" errors="0" time="0.24112799999999993">
<testsuite name="06-axe-core-automated.spec.js" timestamp="2025-10-01T19:43:49.537Z" hostname="chromium" tests="12" failures="0" skipped="12" time="0" errors="0">
<testcase name="Axe-Core Automated Accessibility Tests › Home page should have no critical accessibility violations" classname="06-axe-core-automated.spec.js" time="0">
<skipped>
</skipped>
</testcase>
<testcase name="Axe-Core Automated Accessibility Tests › Login page should have no accessibility violations" classname="06-axe-core-automated.spec.js" time="0">
<skipped>
</skipped>
</testcase>
<testcase name="Axe-Core Automated Accessibility Tests › Register page should have no accessibility violations" classname="06-axe-core-automated.spec.js" time="0">
<skipped>
</skipped>
</testcase>
<testcase name="Axe-Core Automated Accessibility Tests › Live transcription page should have no accessibility violations" classname="06-axe-core-automated.spec.js" time="0">
<skipped>
</skipped>
</testcase>
<testcase name="Axe-Core Automated Accessibility Tests › Dashboard should have no accessibility violations" classname="06-axe-core-automated.spec.js" time="0">
<skipped>
</skipped>
</testcase>
<testcase name="Axe-Core Automated Accessibility Tests › Settings page should have no accessibility violations" classname="06-axe-core-automated.spec.js" time="0">
<skipped>
</skipped>
</testcase>
<testcase name="Axe-Core Automated Accessibility Tests › Test specific WCAG 2.1 Level A rules" classname="06-axe-core-automated.spec.js" time="0">
<skipped>
</skipped>
</testcase>
<testcase name="Axe-Core Automated Accessibility Tests › Test keyboard navigation rules" classname="06-axe-core-automated.spec.js" time="0">
<skipped>
</skipped>
</testcase>
<testcase name="Axe-Core Automated Accessibility Tests › Test color contrast rules" classname="06-axe-core-automated.spec.js" time="0">
<skipped>
</skipped>
</testcase>
<testcase name="Axe-Core Automated Accessibility Tests › Test form labels and accessibility" classname="06-axe-core-automated.spec.js" time="0">
<skipped>
</skipped>
</testcase>
<testcase name="Axe-Core Automated Accessibility Tests › Test ARIA attributes and roles" classname="06-axe-core-automated.spec.js" time="0">
<skipped>
</skipped>
</testcase>
<testcase name="Axe-Core Automated Accessibility Tests › Comprehensive accessibility audit across multiple pages" classname="06-axe-core-automated.spec.js" time="0">
<skipped>
</skipped>
</testcase>
</testsuite>
<testsuite name="06-axe-core-automated.spec.js" timestamp="2025-10-01T19:43:49.537Z" hostname="firefox" tests="12" failures="0" skipped="12" time="0" errors="0">
<testcase name="Axe-Core Automated Accessibility Tests › Home page should have no critical accessibility violations" classname="06-axe-core-automated.spec.js" time="0">
<skipped>
</skipped>
</testcase>
<testcase name="Axe-Core Automated Accessibility Tests › Login page should have no accessibility violations" classname="06-axe-core-automated.spec.js" time="0">
<skipped>
</skipped>
</testcase>
<testcase name="Axe-Core Automated Accessibility Tests › Register page should have no accessibility violations" classname="06-axe-core-automated.spec.js" time="0">
<skipped>
</skipped>
</testcase>
<testcase name="Axe-Core Automated Accessibility Tests › Live transcription page should have no accessibility violations" classname="06-axe-core-automated.spec.js" time="0">
<skipped>
</skipped>
</testcase>
<testcase name="Axe-Core Automated Accessibility Tests › Dashboard should have no accessibility violations" classname="06-axe-core-automated.spec.js" time="0">
<skipped>
</skipped>
</testcase>
<testcase name="Axe-Core Automated Accessibility Tests › Settings page should have no accessibility violations" classname="06-axe-core-automated.spec.js" time="0">
<skipped>
</skipped>
</testcase>
<testcase name="Axe-Core Automated Accessibility Tests › Test specific WCAG 2.1 Level A rules" classname="06-axe-core-automated.spec.js" time="0">
<skipped>
</skipped>
</testcase>
<testcase name="Axe-Core Automated Accessibility Tests › Test keyboard navigation rules" classname="06-axe-core-automated.spec.js" time="0">
<skipped>
</skipped>
</testcase>
<testcase name="Axe-Core Automated Accessibility Tests › Test color contrast rules" classname="06-axe-core-automated.spec.js" time="0">
<skipped>
</skipped>
</testcase>
<testcase name="Axe-Core Automated Accessibility Tests › Test form labels and accessibility" classname="06-axe-core-automated.spec.js" time="0">
<skipped>
</skipped>
</testcase>
<testcase name="Axe-Core Automated Accessibility Tests › Test ARIA attributes and roles" classname="06-axe-core-automated.spec.js" time="0">
<skipped>
</skipped>
</testcase>
<testcase name="Axe-Core Automated Accessibility Tests › Comprehensive accessibility audit across multiple pages" classname="06-axe-core-automated.spec.js" time="0">
<skipped>
</skipped>
</testcase>
</testsuite>
<testsuite name="06-axe-core-automated.spec.js" timestamp="2025-10-01T19:43:49.537Z" hostname="webkit" tests="12" failures="0" skipped="12" time="0" errors="0">
<testcase name="Axe-Core Automated Accessibility Tests › Home page should have no critical accessibility violations" classname="06-axe-core-automated.spec.js" time="0">
<skipped>
</skipped>
</testcase>
<testcase name="Axe-Core Automated Accessibility Tests › Login page should have no accessibility violations" classname="06-axe-core-automated.spec.js" time="0">
<skipped>
</skipped>
</testcase>
<testcase name="Axe-Core Automated Accessibility Tests › Register page should have no accessibility violations" classname="06-axe-core-automated.spec.js" time="0">
<skipped>
</skipped>
</testcase>
<testcase name="Axe-Core Automated Accessibility Tests › Live transcription page should have no accessibility violations" classname="06-axe-core-automated.spec.js" time="0">
<skipped>
</skipped>
</testcase>
<testcase name="Axe-Core Automated Accessibility Tests › Dashboard should have no accessibility violations" classname="06-axe-core-automated.spec.js" time="0">
<skipped>
</skipped>
</testcase>
<testcase name="Axe-Core Automated Accessibility Tests › Settings page should have no accessibility violations" classname="06-axe-core-automated.spec.js" time="0">
<skipped>
</skipped>
</testcase>
<testcase name="Axe-Core Automated Accessibility Tests › Test specific WCAG 2.1 Level A rules" classname="06-axe-core-automated.spec.js" time="0">
<skipped>
</skipped>
</testcase>
<testcase name="Axe-Core Automated Accessibility Tests › Test keyboard navigation rules" classname="06-axe-core-automated.spec.js" time="0">
<skipped>
</skipped>
</testcase>
<testcase name="Axe-Core Automated Accessibility Tests › Test color contrast rules" classname="06-axe-core-automated.spec.js" time="0">
<skipped>
</skipped>
</testcase>
<testcase name="Axe-Core Automated Accessibility Tests › Test form labels and accessibility" classname="06-axe-core-automated.spec.js" time="0">
<skipped>
</skipped>
</testcase>
<testcase name="Axe-Core Automated Accessibility Tests › Test ARIA attributes and roles" classname="06-axe-core-automated.spec.js" time="0">
<skipped>
</skipped>
</testcase>
<testcase name="Axe-Core Automated Accessibility Tests › Comprehensive accessibility audit across multiple pages" classname="06-axe-core-automated.spec.js" time="0">
<skipped>
</skipped>
</testcase>
</testsuite>
<testsuite name="06-axe-core-automated.spec.js" timestamp="2025-10-01T19:43:49.537Z" hostname="Mobile Chrome" tests="12" failures="0" skipped="12" time="0" errors="0">
<testcase name="Axe-Core Automated Accessibility Tests › Home page should have no critical accessibility violations" classname="06-axe-core-automated.spec.js" time="0">
<skipped>
</skipped>
</testcase>
<testcase name="Axe-Core Automated Accessibility Tests › Login page should have no accessibility violations" classname="06-axe-core-automated.spec.js" time="0">
<skipped>
</skipped>
</testcase>
<testcase name="Axe-Core Automated Accessibility Tests › Register page should have no accessibility violations" classname="06-axe-core-automated.spec.js" time="0">
<skipped>
</skipped>
</testcase>
<testcase name="Axe-Core Automated Accessibility Tests › Live transcription page should have no accessibility violations" classname="06-axe-core-automated.spec.js" time="0">
<skipped>
</skipped>
</testcase>
<testcase name="Axe-Core Automated Accessibility Tests › Dashboard should have no accessibility violations" classname="06-axe-core-automated.spec.js" time="0">
<skipped>
</skipped>
</testcase>
<testcase name="Axe-Core Automated Accessibility Tests › Settings page should have no accessibility violations" classname="06-axe-core-automated.spec.js" time="0">
<skipped>
</skipped>
</testcase>
<testcase name="Axe-Core Automated Accessibility Tests › Test specific WCAG 2.1 Level A rules" classname="06-axe-core-automated.spec.js" time="0">
<skipped>
</skipped>
</testcase>
<testcase name="Axe-Core Automated Accessibility Tests › Test keyboard navigation rules" classname="06-axe-core-automated.spec.js" time="0">
<skipped>
</skipped>
</testcase>
<testcase name="Axe-Core Automated Accessibility Tests › Test color contrast rules" classname="06-axe-core-automated.spec.js" time="0">
<skipped>
</skipped>
</testcase>
<testcase name="Axe-Core Automated Accessibility Tests › Test form labels and accessibility" classname="06-axe-core-automated.spec.js" time="0">
<skipped>
</skipped>
</testcase>
<testcase name="Axe-Core Automated Accessibility Tests › Test ARIA attributes and roles" classname="06-axe-core-automated.spec.js" time="0">
<skipped>
</skipped>
</testcase>
<testcase name="Axe-Core Automated Accessibility Tests › Comprehensive accessibility audit across multiple pages" classname="06-axe-core-automated.spec.js" time="0">
<skipped>
</skipped>
</testcase>
</testsuite>
<testsuite name="06-axe-core-automated.spec.js" timestamp="2025-10-01T19:43:49.537Z" hostname="Mobile Safari" tests="12" failures="0" skipped="12" time="0" errors="0">
<testcase name="Axe-Core Automated Accessibility Tests › Home page should have no critical accessibility violations" classname="06-axe-core-automated.spec.js" time="0">
<skipped>
</skipped>
</testcase>
<testcase name="Axe-Core Automated Accessibility Tests › Login page should have no accessibility violations" classname="06-axe-core-automated.spec.js" time="0">
<skipped>
</skipped>
</testcase>
<testcase name="Axe-Core Automated Accessibility Tests › Register page should have no accessibility violations" classname="06-axe-core-automated.spec.js" time="0">
<skipped>
</skipped>
</testcase>
<testcase name="Axe-Core Automated Accessibility Tests › Live transcription page should have no accessibility violations" classname="06-axe-core-automated.spec.js" time="0">
<skipped>
</skipped>
</testcase>
<testcase name="Axe-Core Automated Accessibility Tests › Dashboard should have no accessibility violations" classname="06-axe-core-automated.spec.js" time="0">
<skipped>
</skipped>
</testcase>
<testcase name="Axe-Core Automated Accessibility Tests › Settings page should have no accessibility violations" classname="06-axe-core-automated.spec.js" time="0">
<skipped>
</skipped>
</testcase>
<testcase name="Axe-Core Automated Accessibility Tests › Test specific WCAG 2.1 Level A rules" classname="06-axe-core-automated.spec.js" time="0">
<skipped>
</skipped>
</testcase>
<testcase name="Axe-Core Automated Accessibility Tests › Test keyboard navigation rules" classname="06-axe-core-automated.spec.js" time="0">
<skipped>
</skipped>
</testcase>
<testcase name="Axe-Core Automated Accessibility Tests › Test color contrast rules" classname="06-axe-core-automated.spec.js" time="0">
<skipped>
</skipped>
</testcase>
<testcase name="Axe-Core Automated Accessibility Tests › Test form labels and accessibility" classname="06-axe-core-automated.spec.js" time="0">
<skipped>
</skipped>
</testcase>
<testcase name="Axe-Core Automated Accessibility Tests › Test ARIA attributes and roles" classname="06-axe-core-automated.spec.js" time="0">
<skipped>
</skipped>
</testcase>
<testcase name="Axe-Core Automated Accessibility Tests › Comprehensive accessibility audit across multiple pages" classname="06-axe-core-automated.spec.js" time="0">
<skipped>
</skipped>
</testcase>
</testsuite>
</testsuites>